Build started 04/10/2017 09:49:49 م.
     1>Project "D:\lectures\Project\TEam\TEam\TEam.vcxproj" on node 2 (build target(s)).
     1>InitializeBuildStatus:
         Creating "Debug\TEam.unsuccessfulbuild" because "AlwaysCreate" was specified.
       GenerateTargetFrameworkMonikerAttribute:
       Skipping target "GenerateTargetFrameworkMonikerAttribute" because all output files are up-to-date with respect to the input files.
       ClCompile:
         C:\Program Files (x86)\Microsoft Visual Studio 10.0\VC\bin\CL.exe /c /AI"C:\Program Files (x86)\Reference Assemblies\Microsoft\Framework\.NETFramework\v4.0" /Zi /clr:pure /nologo /W3 /WX- /Od /Oy- /D WIN32 /D _DEBUG /D _UNICODE /D UNICODE /EHa /MDd /GS /fp:precise /Zc:wchar_t /Zc:forScope /Yc"StdAfx.h" /Fp"Debug\TEam.pch" /Fo"Debug\\" /Fd"Debug\vc100.pdb" /TP /FU"C:\Program Files (x86)\Reference Assemblies\Microsoft\Framework\.NETFramework\v4.0\System.Core.dll" /FU"C:\Program Files (x86)\Reference Assemblies\Microsoft\Framework\.NETFramework\v4.0\System.Data.dll" /FU"C:\Program Files (x86)\Reference Assemblies\Microsoft\Framework\.NETFramework\v4.0\System.dll" /FU"C:\Program Files (x86)\Reference Assemblies\Microsoft\Framework\.NETFramework\v4.0\System.Drawing.dll" /FU"C:\Program Files (x86)\Reference Assemblies\Microsoft\Framework\.NETFramework\v4.0\System.Windows.Forms.dll" /FU"C:\Program Files (x86)\Reference Assemblies\Microsoft\Framework\.NETFramework\v4.0\System.Xml.dll" /analyze- /errorReport:prompt stdafx.cpp /clr:nostdlib 
         stdafx.cpp
         C:\Program Files (x86)\Microsoft Visual Studio 10.0\VC\bin\CL.exe /c /AI"C:\Program Files (x86)\Reference Assemblies\Microsoft\Framework\.NETFramework\v4.0" /Zi /clr:pure /nologo /W3 /WX- /Od /Oy- /D WIN32 /D _DEBUG /D _UNICODE /D UNICODE /EHa /MDd /GS /fp:precise /Zc:wchar_t /Zc:forScope /Yu"StdAfx.h" /Fp"Debug\TEam.pch" /Fo"Debug\\" /Fd"Debug\vc100.pdb" /TP /FU"C:\Program Files (x86)\Reference Assemblies\Microsoft\Framework\.NETFramework\v4.0\System.Core.dll" /FU"C:\Program Files (x86)\Reference Assemblies\Microsoft\Framework\.NETFramework\v4.0\System.Data.dll" /FU"C:\Program Files (x86)\Reference Assemblies\Microsoft\Framework\.NETFramework\v4.0\System.dll" /FU"C:\Program Files (x86)\Reference Assemblies\Microsoft\Framework\.NETFramework\v4.0\System.Drawing.dll" /FU"C:\Program Files (x86)\Reference Assemblies\Microsoft\Framework\.NETFramework\v4.0\System.Windows.Forms.dll" /FU"C:\Program Files (x86)\Reference Assemblies\Microsoft\Framework\.NETFramework\v4.0\System.Xml.dll" /analyze- /errorReport:prompt AssemblyInfo.cpp form2.cpp form3.cpp form4.cpp form5.cpp form6.cpp TEam.cpp /clr:nostdlib 
         AssemblyInfo.cpp
         form2.cpp
     1>d:\lectures\project\team\team\form4.h(538): warning C4551: function call missing argument list
         form3.cpp
     1>d:\lectures\project\team\team\form5.h(542): warning C4551: function call missing argument list
         form4.cpp
     1>d:\lectures\project\team\team\form4.h(538): warning C4551: function call missing argument list
         form5.cpp
     1>d:\lectures\project\team\team\form5.h(542): warning C4551: function call missing argument list
         form6.cpp
         TEam.cpp
     1>d:\lectures\project\team\team\form4.h(538): warning C4551: function call missing argument list
     1>d:\lectures\project\team\team\form5.h(542): warning C4551: function call missing argument list
         Generating Code...
         C:\Program Files (x86)\Microsoft Visual Studio 10.0\VC\bin\CL.exe /c /Zi /clr:pure /nologo /W3 /WX- /Od /Oy- /D WIN32 /D _DEBUG /D _UNICODE /D UNICODE /EHa /MDd /GS /fp:precise /Zc:wchar_t /Zc:forScope /Fo"Debug\\" /Fd"Debug\vc100.pdb" /TP /analyze- /errorReport:prompt "C:\Users\Mostafa\AppData\Local\Temp\.NETFramework,Version=v4.0.AssemblyAttributes.cpp"
         .NETFramework,Version=v4.0.AssemblyAttributes.cpp
       CoreResGen:
         "C:\Program Files (x86)\Microsoft SDKs\Windows\v7.0A\bin\NETFX 4.0 Tools\resgen.exe" /useSourcePath /r:"C:\Program Files (x86)\Reference Assemblies\Microsoft\Framework\.NETFramework\v4.0\System.Core.dll" /r:"C:\Program Files (x86)\Reference Assemblies\Microsoft\Framework\.NETFramework\v4.0\System.Data.dll" /r:"C:\Program Files (x86)\Reference Assemblies\Microsoft\Framework\.NETFramework\v4.0\System.dll" /r:"C:\Program Files (x86)\Reference Assemblies\Microsoft\Framework\.NETFramework\v4.0\System.Drawing.dll" /r:"C:\Program Files (x86)\Reference Assemblies\Microsoft\Framework\.NETFramework\v4.0\System.Windows.Forms.dll" /r:"C:\Program Files (x86)\Reference Assemblies\Microsoft\Framework\.NETFramework\v4.0\System.Xml.dll" /compile Form1.resX,Debug\TEam.Form1.resources form2.resx,Debug\TEam.form2.resources form3.resx,Debug\TEam.form3.resources form4.resx,Debug\TEam.form4.resources form5.resx,Debug\TEam.form5.resources form6.resx,Debug\TEam.form6.resources
         Processing resource file "Form1.resX" into "Debug\TEam.Form1.resources".
         Processing resource file "form2.resx" into "Debug\TEam.form2.resources".
         Processing resource file "form3.resx" into "Debug\TEam.form3.resources".
         Processing resource file "form4.resx" into "Debug\TEam.form4.resources".
         Processing resource file "form5.resx" into "Debug\TEam.form5.resources".
         Processing resource file "form6.resx" into "Debug\TEam.form6.resources".
       ResourceCompile:
         C:\Program Files (x86)\Microsoft SDKs\Windows\v7.0A\bin\rc.exe /D _UNICODE /D UNICODE /l"0x0409" /nologo /fo"Debug\app.res" app.rc 
       Link:
         C:\Program Files (x86)\Microsoft Visual Studio 10.0\VC\bin\link.exe /ERRORREPORT:PROMPT /OUT:"D:\lectures\Project\TEam\Debug\TEam.exe" /INCREMENTAL /NOLOGO /ASSEMBLYRESOURCE:Debug\TEam.Form1.resources /ASSEMBLYRESOURCE:Debug\TEam.form2.resources /ASSEMBLYRESOURCE:Debug\TEam.form3.resources /ASSEMBLYRESOURCE:Debug\TEam.form4.resources /ASSEMBLYRESOURCE:Debug\TEam.form5.resources /ASSEMBLYRESOURCE:Debug\TEam.form6.resources /MANIFEST /ManifestFile:"Debug\TEam.exe.intermediate.manifest" /MANIFESTUAC:"level='asInvoker' uiAccess='false'" /DEBUG /PDB:"D:\lectures\Project\TEam\Debug\TEam.pdb" /ASSEMBLYDEBUG /SUBSYSTEM:WINDOWS /TLBID:1 /ENTRY:"main" /DYNAMICBASE /FIXED:NO /NXCOMPAT /MACHINE:X86 Debug\app.res
         Debug\AssemblyInfo.obj
         Debug\form2.obj
         Debug\form3.obj
         Debug\form4.obj
         Debug\form5.obj
         Debug\form6.obj
         Debug\stdafx.obj
         Debug\TEam.obj
         "Debug\.NETFramework,Version=v4.0.AssemblyAttributes.obj"
     1>LINK : fatal error LNK1104: cannot open file 'D:\lectures\Project\TEam\Debug\TEam.exe'
     1>Done Building Project "D:\lectures\Project\TEam\TEam\TEam.vcxproj" (build target(s)) -- FAILED.

Build FAILED.

Time Elapsed 00:00:09.25
