C:\USERS\HP\DOWNLOADS\TEAM\DEBUG\TEAM.EXE
C:\USERS\HP\DOWNLOADS\TEAM\DEBUG\TEAM.ILK
C:\USERS\HP\DOWNLOADS\TEAM\DEBUG\TEAM.PDB
C:\USERS\HP\DOWNLOADS\TEAM\TEAM\DEBUG\.NETFRAMEWORK,VERSION=V4.0.ASSEMBLYATTRIBUTES.OBJ
C:\USERS\HP\DOWNLOADS\TEAM\TEAM\DEBUG\APP.RES
C:\USERS\HP\DOWNLOADS\TEAM\TEAM\DEBUG\ASSEMBLYINFO.OBJ
C:\Users\HP\Downloads\TEam\TEam\Debug\cl.command.1.tlog
C:\Users\HP\Downloads\TEam\TEam\Debug\CL.read.1.tlog
C:\Users\HP\Downloads\TEam\TEam\Debug\CL.write.1.tlog
C:\USERS\HP\DOWNLOADS\TEAM\TEAM\DEBUG\FORM2.OBJ
C:\USERS\HP\DOWNLOADS\TEAM\TEAM\DEBUG\FORM3.OBJ
C:\USERS\HP\DOWNLOADS\TEAM\TEAM\DEBUG\FORM4.OBJ
C:\USERS\HP\DOWNLOADS\TEAM\TEAM\DEBUG\FORM5.OBJ
C:\USERS\HP\DOWNLOADS\TEAM\TEAM\DEBUG\FORM6.OBJ
C:\Users\HP\Downloads\TEam\TEam\Debug\link.5308.read.1.tlog
C:\Users\HP\Downloads\TEam\TEam\Debug\link.5308.write.1.tlog
C:\Users\HP\Downloads\TEam\TEam\Debug\link.5308-cvtres.read.1.tlog
C:\Users\HP\Downloads\TEam\TEam\Debug\link.5308-cvtres.write.1.tlog
C:\Users\HP\Downloads\TEam\TEam\Debug\link.892.read.1.tlog
C:\Users\HP\Downloads\TEam\TEam\Debug\link.892.write.1.tlog
C:\Users\HP\Downloads\TEam\TEam\Debug\link.892-cvtres.read.1.tlog
C:\Users\HP\Downloads\TEam\TEam\Debug\link.892-cvtres.write.1.tlog
C:\Users\HP\Downloads\TEam\TEam\Debug\link.9092.read.1.tlog
C:\Users\HP\Downloads\TEam\TEam\Debug\link.9092.write.1.tlog
C:\Users\HP\Downloads\TEam\TEam\Debug\link.9092-cvtres.read.1.tlog
C:\Users\HP\Downloads\TEam\TEam\Debug\link.9092-cvtres.write.1.tlog
C:\Users\HP\Downloads\TEam\TEam\Debug\link.9112.read.1.tlog
C:\Users\HP\Downloads\TEam\TEam\Debug\link.9112.write.1.tlog
C:\Users\HP\Downloads\TEam\TEam\Debug\link.9112-cvtres.read.1.tlog
C:\Users\HP\Downloads\TEam\TEam\Debug\link.9112-cvtres.write.1.tlog
C:\Users\HP\Downloads\TEam\TEam\Debug\link.9736.read.1.tlog
C:\Users\HP\Downloads\TEam\TEam\Debug\link.9736.write.1.tlog
C:\Users\HP\Downloads\TEam\TEam\Debug\link.9736-cvtres.read.1.tlog
C:\Users\HP\Downloads\TEam\TEam\Debug\link.9736-cvtres.write.1.tlog
C:\Users\HP\Downloads\TEam\TEam\Debug\link.command.1.tlog
C:\Users\HP\Downloads\TEam\TEam\Debug\link.read.1.tlog
C:\Users\HP\Downloads\TEam\TEam\Debug\link.write.1.tlog
C:\Users\HP\Downloads\TEam\TEam\Debug\mt.command.1.tlog
C:\Users\HP\Downloads\TEam\TEam\Debug\mt.read.1.tlog
C:\Users\HP\Downloads\TEam\TEam\Debug\mt.write.1.tlog
C:\Users\HP\Downloads\TEam\TEam\Debug\rc.command.1.tlog
C:\Users\HP\Downloads\TEam\TEam\Debug\rc.read.1.tlog
C:\Users\HP\Downloads\TEam\TEam\Debug\rc.write.1.tlog
C:\USERS\HP\DOWNLOADS\TEAM\TEAM\DEBUG\STDAFX.OBJ
C:\USERS\HP\DOWNLOADS\TEAM\TEAM\DEBUG\TEAM.EXE.INTERMEDIATE.MANIFEST
C:\Users\HP\Downloads\TEam\TEam\Debug\TEam.Form1.resources
C:\Users\HP\Downloads\TEam\TEam\Debug\TEam.form2.resources
C:\Users\HP\Downloads\TEam\TEam\Debug\TEam.form3.resources
C:\Users\HP\Downloads\TEam\TEam\Debug\TEam.form4.resources
C:\Users\HP\Downloads\TEam\TEam\Debug\TEam.form5.resources
C:\Users\HP\Downloads\TEam\TEam\Debug\TEam.form6.resources
C:\USERS\HP\DOWNLOADS\TEAM\TEAM\DEBUG\TEAM.OBJ
C:\USERS\HP\DOWNLOADS\TEAM\TEAM\DEBUG\TEAM.PCH
C:\Users\HP\Downloads\TEam\TEam\Debug\TEam.vcxproj.GenerateResource.Cache
C:\Users\HP\Downloads\TEam\TEam\Debug\TEam.vcxprojResolveAssemblyReference.cache
C:\Users\HP\Downloads\TEam\TEam\Debug\TEam.write.1.tlog
C:\USERS\HP\DOWNLOADS\TEAM\TEAM\DEBUG\VC100.PDB
C:\USERS\THE PRINCE\DESKTOP\TEAM\DEBUG\TEAM.EXE
C:\USERS\THE PRINCE\DESKTOP\TEAM\DEBUG\TEAM.ILK
C:\USERS\THE PRINCE\DESKTOP\TEAM\DEBUG\TEAM.PDB
C:\USERS\THE PRINCE\DESKTOP\TEAM\TEAM\DEBUG\.NETFRAMEWORK,VERSION=V4.0.ASSEMBLYATTRIBUTES.OBJ
C:\USERS\THE PRINCE\DESKTOP\TEAM\TEAM\DEBUG\APP.RES
C:\USERS\THE PRINCE\DESKTOP\TEAM\TEAM\DEBUG\ASSEMBLYINFO.OBJ
C:\USERS\THE PRINCE\DESKTOP\TEAM\TEAM\DEBUG\FORM2.OBJ
C:\USERS\THE PRINCE\DESKTOP\TEAM\TEAM\DEBUG\FORM3.OBJ
C:\USERS\THE PRINCE\DESKTOP\TEAM\TEAM\DEBUG\FORM4.OBJ
C:\USERS\THE PRINCE\DESKTOP\TEAM\TEAM\DEBUG\FORM5.OBJ
C:\USERS\THE PRINCE\DESKTOP\TEAM\TEAM\DEBUG\FORM6.OBJ
C:\USERS\THE PRINCE\DESKTOP\TEAM\TEAM\DEBUG\STDAFX.OBJ
C:\USERS\THE PRINCE\DESKTOP\TEAM\TEAM\DEBUG\TEAM.EXE.INTERMEDIATE.MANIFEST
C:\USERS\THE PRINCE\DESKTOP\TEAM\TEAM\DEBUG\TEAM.OBJ
C:\USERS\THE PRINCE\DESKTOP\TEAM\TEAM\DEBUG\TEAM.PCH
C:\USERS\THE PRINCE\DESKTOP\TEAM\TEAM\DEBUG\VC100.PDB
